0 info it worked if it ends with ok
1 verbose cli [ 'C:\\Program Files\\nodejs\\node.exe',
1 verbose cli   'C:\\Program Files\\nodejs\\node_modules\\npm\\bin\\npm-cli.js',
1 verbose cli   'run',
1 verbose cli   'serv',
1 verbose cli   '--scripts-prepend-node-path=auto' ]
2 info using npm@3.10.10
3 info using node@v6.11.3
4 verbose run-script [ 'preserv', 'serv', 'postserv' ]
5 info lifecycle Webpack@1.0.0~preserv: Webpack@1.0.0
6 silly lifecycle Webpack@1.0.0~preserv: no script for preserv, continuing
7 info lifecycle Webpack@1.0.0~serv: Webpack@1.0.0
8 verbose lifecycle Webpack@1.0.0~serv: unsafe-perm in lifecycle true
9 verbose lifecycle Webpack@1.0.0~serv: PATH: C:\Program Files\nodejs\node_modules\npm\bin\node-gyp-bin;C:\Users\Nurlan\Desktop\Webpack\node_modules\.bin;C:\Windows\system32;C:\Windows;C:\Windows\System32\Wbem;C:\Windows\System32\WindowsPowerShell\v1.0\;C:\Program Files (x86)\NVIDIA Corporation\PhysX\Common;C:\WINDOWS\system32;C:\WINDOWS;C:\WINDOWS\System32\Wbem;C:\WINDOWS\System32\WindowsPowerShell\v1.0\;C:\Program Files\nodejs\;C:\Program Files\Git\cmd;C:\Users\Nurlan\scoop\apps\yarn\current\Yarn\bin;C:\Users\Nurlan\scoop\apps\yarn\current\bin;C:\Users\Nurlan\scoop\shims;C:\Ruby24-x64\bin;C:\Users\Nurlan\AppData\Local\Microsoft\WindowsApps;C:\Users\Nurlan\AppData\Roaming\npm;C:\Users\Nurlan\AppData\Local\GitHubDesktop\bin;C:\Users\Nurlan\AppData\Local\Microsoft\WindowsApps;C:\Program Files\Microsoft VS Code\bin
10 verbose lifecycle Webpack@1.0.0~serv: CWD: C:\Users\Nurlan\Desktop\Webpack
11 silly lifecycle Webpack@1.0.0~serv: Args: [ '/d /s /c', 'static build' ]
12 silly lifecycle Webpack@1.0.0~serv: Returned: code: 1  signal: null
13 info lifecycle Webpack@1.0.0~serv: Failed to exec serv script
14 verbose stack Error: Webpack@1.0.0 serv: `static build`
14 verbose stack Exit status 1
14 verbose stack     at EventEmitter.<anonymous> (C:\Program Files\nodejs\node_modules\npm\lib\utils\lifecycle.js:255:16)
14 verbose stack     at emitTwo (events.js:106:13)
14 verbose stack     at EventEmitter.emit (events.js:191:7)
14 verbose stack     at ChildProcess.<anonymous> (C:\Program Files\nodejs\node_modules\npm\lib\utils\spawn.js:40:14)
14 verbose stack     at emitTwo (events.js:106:13)
14 verbose stack     at ChildProcess.emit (events.js:191:7)
14 verbose stack     at maybeClose (internal/child_process.js:920:16)
14 verbose stack     at Process.ChildProcess._handle.onexit (internal/child_process.js:230:5)
15 verbose pkgid Webpack@1.0.0
16 verbose cwd C:\Users\Nurlan\Desktop\Webpack
17 error Windows_NT 10.0.16299
18 error argv "C:\\Program Files\\nodejs\\node.exe" "C:\\Program Files\\nodejs\\node_modules\\npm\\bin\\npm-cli.js" "run" "serv" "--scripts-prepend-node-path=auto"
19 error node v6.11.3
20 error npm  v3.10.10
21 error code ELIFECYCLE
22 error Webpack@1.0.0 serv: `static build`
22 error Exit status 1
23 error Failed at the Webpack@1.0.0 serv script 'static build'.
23 error Make sure you have the latest version of node.js and npm installed.
23 error If you do, this is most likely a problem with the Webpack package,
23 error not with npm itself.
23 error Tell the author that this fails on your system:
23 error     static build
23 error You can get information on how to open an issue for this project with:
23 error     npm bugs Webpack
23 error Or if that isn't available, you can get their info via:
23 error     npm owner ls Webpack
23 error There is likely additional logging output above.
24 verbose exit [ 1, true ]
